2025-11-17T17:23:17+08:00 [I] 服务启动
2025-11-17T17:26:43+08:00 [I] 服务启动
2025-11-17T17:27:40+08:00 [I] 服务启动
2025-11-17T17:28:29+08:00 [I] 127.0.0.1 GET /api/getMemo
2025-11-17T17:28:54+08:00 [I] 127.0.0.1 GET /api/getQuotation
2025-11-17T17:28:54+08:00 [I] 127.0.0.1 GET /api/getQuotation
2025-11-17T17:28:55+08:00 [I] 127.0.0.1 GET /api/getQuotation
2025-11-17T17:28:55+08:00 [I] 127.0.0.1 GET /api/getQuotation
2025-11-17T17:28:55+08:00 [I] 127.0.0.1 GET /api/getQuotation
2025-11-17T17:28:55+08:00 [I] 127.0.0.1 GET /api/getQuotation
2025-11-17T17:28:55+08:00 [I] 127.0.0.1 GET /api/getQuotation
2025-11-17T17:28:55+08:00 [I] 127.0.0.1 GET /api/getQuotation
2025-11-17T17:29:00+08:00 [I] 127.0.0.1 POST /api/getQuotation
2025-11-17T17:32:33+08:00 [I] 服务启动
2025-11-20T21:38:56+08:00 [I] 服务启动
2025-11-20T21:40:13+08:00 [I] 127.0.0.1 POST /api/GetWeightRecord
2025-11-20T21:40:56+08:00 [I] 127.0.0.1 POST /api/GetWeightRecord
2026-02-04T16:05:46+08:00 [I] 服务启动
2026-02-04T16:06:13+08:00 [I] 127.0.0.1 GET /getdy
2026-02-04T16:06:30+08:00 [I] 服务启动
2026-02-04T16:06:34+08:00 [I] 127.0.0.1 GET /getdy
2026-02-04T16:06:35+08:00 [I] 127.0.0.1 GET /getdy
2026-02-04T16:06:36+08:00 [I] 127.0.0.1 GET /getdy
2026-02-04T16:06:36+08:00 [I] 127.0.0.1 GET /getdy
2026-02-04T16:06:36+08:00 [I] 127.0.0.1 GET /getdy
2026-02-04T16:06:36+08:00 [I] 127.0.0.1 GET /getdy
2026-02-04T16:06:36+08:00 [I] 127.0.0.1 GET /getdy
2026-02-04T16:06:37+08:00 [I] 127.0.0.1 GET /getdy
2026-02-04T16:06:37+08:00 [I] 127.0.0.1 GET /getdy
2026-02-04T16:07:00+08:00 [I] 127.0.0.1 GET /api/getdy
2026-02-04T17:13:55+08:00 [I] 127.0.0.1 GET /api/getdy
2026-05-31T20:16:09+08:00 [I] 服务启动
2026-05-31T20:26:31+08:00 [I] ::1 GET /api/platform/auth/profile
2026-05-31T20:26:52+08:00 [I] ::1 GET /api/platform/auth/profile
2026-05-31T20:26:57+08:00 [I] ::1 POST /api/platform/auth/login
2026-05-31T20:27:52+08:00 [I] ::1 POST /api/platform/auth/login
2026-05-31T20:29:04+08:00 [I] 服务启动
2026-05-31T20:29:05+08:00 [I] ::1 POST /api/platform/auth/login
2026-05-31T20:29:05+08:00 [I] ::1 GET /api/platform/auth/profile
2026-05-31T20:29:05+08:00 [I] ::1 GET /api/platform/users/admin00000000000000000000000001/categories
2026-05-31T20:29:06+08:00 [I] ::1 GET /api/platform/users/admin00000000000000000000000001/categories
2026-05-31T20:29:09+08:00 [I] ::1 GET /api/platform/users/admin00000000000000000000000001/categories
2026-05-31T20:29:11+08:00 [I] ::1 GET /api/platform/users/admin00000000000000000000000001/categories
2026-05-31T20:29:15+08:00 [I] ::1 GET /api/platform/users/admin00000000000000000000000001/categories
2026-05-31T20:29:22+08:00 [I] ::1 GET /api/platform/users/admin00000000000000000000000001/categories
2026-05-31T20:29:29+08:00 [I] ::1 POST /api/platform/categories
2026-05-31T20:29:30+08:00 [I] ::1 GET /api/platform/users/admin00000000000000000000000001/categories
2026-05-31T20:29:31+08:00 [I] ::1 GET /api/platform/categories/c4fbeb0cdc614bd19e728f5e84e7cbaa
2026-05-31T20:29:33+08:00 [I] ::1 GET /api/platform/categories/c4fbeb0cdc614bd19e728f5e84e7cbaa
2026-05-31T20:29:38+08:00 [I] ::1 POST /api/platform/categories/c4fbeb0cdc614bd19e728f5e84e7cbaa/resources
2026-05-31T20:29:38+08:00 [I] ::1 GET /api/platform/categories/c4fbeb0cdc614bd19e728f5e84e7cbaa
2026-05-31T20:29:39+08:00 [I] ::1 GET /api/platform/users/admin00000000000000000000000001/categories
2026-05-31T20:29:41+08:00 [I] ::1 GET /uploads/categories/2026/05/c4fbeb0cdc614bd19e728f5e84e7cbaa_afc7deeb.png
2026-05-31T20:29:41+08:00 [I] ::1 GET /favicon.ico
2026-05-31T20:29:47+08:00 [I] ::1 POST /api/platform/share-links
2026-05-31T20:29:47+08:00 [I] ::1 GET /api/platform/categories/c4fbeb0cdc614bd19e728f5e84e7cbaa
2026-05-31T20:29:55+08:00 [I] ::1 POST /api/platform/share-links
2026-05-31T20:29:55+08:00 [I] ::1 GET /api/platform/categories/c4fbeb0cdc614bd19e728f5e84e7cbaa
2026-05-31T20:30:02+08:00 [I] ::1 GET /share/163c1ee896
2026-05-31T20:33:01+08:00 [I] 服务启动
2026-05-31T20:33:02+08:00 [I] ::1 GET /share/163c1ee896
2026-05-31T20:33:03+08:00 [I] ::1 GET /uploads/categories/2026/05/c4fbeb0cdc614bd19e728f5e84e7cbaa_afc7deeb.png
2026-05-31T20:33:03+08:00 [I] ::1 GET /share/163c1ee896
2026-05-31T20:33:44+08:00 [I] ::1 GET /api/platform/users/admin00000000000000000000000001/categories
2026-05-31T20:33:44+08:00 [I] ::1 GET /api/platform/users/admin00000000000000000000000001/categories
2026-05-31T20:33:49+08:00 [I] ::1 POST /api/platform/categories/c4fbeb0cdc614bd19e728f5e84e7cbaa/resources
2026-05-31T20:33:49+08:00 [I] ::1 GET /api/platform/categories/c4fbeb0cdc614bd19e728f5e84e7cbaa
2026-05-31T20:33:50+08:00 [I] ::1 GET /api/platform/users/admin00000000000000000000000001/categories
2026-05-31T20:33:57+08:00 [I] ::1 GET /api/platform/users/admin00000000000000000000000001/categories
2026-05-31T20:33:57+08:00 [I] ::1 GET /api/platform/users/admin00000000000000000000000001/categories
2026-05-31T20:33:58+08:00 [I] ::1 GET /api/platform/users/admin00000000000000000000000001/categories
2026-05-31T20:33:58+08:00 [I] ::1 GET /api/platform/users/admin00000000000000000000000001/categories
2026-05-31T20:34:03+08:00 [I] ::1 POST /api/platform/categories/c4fbeb0cdc614bd19e728f5e84e7cbaa/resources
2026-05-31T20:34:03+08:00 [I] ::1 GET /api/platform/categories/c4fbeb0cdc614bd19e728f5e84e7cbaa
2026-05-31T20:34:04+08:00 [I] ::1 GET /api/platform/users/admin00000000000000000000000001/categories
2026-05-31T20:34:07+08:00 [I] ::1 GET /share/163c1ee896
2026-05-31T20:34:07+08:00 [I] ::1 GET /uploads/categories/2026/05/c4fbeb0cdc614bd19e728f5e84e7cbaa_dd521aa2.png
2026-05-31T20:34:07+08:00 [I] ::1 GET /uploads/categories/2026/05/c4fbeb0cdc614bd19e728f5e84e7cbaa_aaa65134.png
2026-05-31T20:34:07+08:00 [I] ::1 GET /uploads/categories/2026/05/c4fbeb0cdc614bd19e728f5e84e7cbaa_afc7deeb.png
2026-05-31T20:59:44+08:00 [I] ::1 GET /api/platform/users/admin00000000000000000000000001/categories
2026-05-31T20:59:45+08:00 [I] ::1 GET /api/platform/users/admin00000000000000000000000001/categories
2026-05-31T21:02:25+08:00 [I] 服务启动
2026-05-31T21:02:27+08:00 [I] ::1 GET /api/platform/users/admin00000000000000000000000001/categories
2026-05-31T21:02:27+08:00 [I] ::1 GET /api/platform/users/admin00000000000000000000000001/categories
2026-05-31T21:02:28+08:00 [I] ::1 GET /api/platform/users/admin00000000000000000000000001/categories
2026-05-31T21:02:29+08:00 [I] ::1 GET /api/platform/users/admin00000000000000000000000001/categories
2026-05-31T21:02:30+08:00 [I] ::1 GET /api/platform/categories/c4fbeb0cdc614bd19e728f5e84e7cbaa
2026-05-31T21:02:37+08:00 [I] ::1 GET /api/platform/users/admin00000000000000000000000001/categories
2026-05-31T21:02:39+08:00 [I] ::1 GET /api/platform/users/admin00000000000000000000000001/categories
2026-05-31T21:02:46+08:00 [I] ::1 POST /api/platform/categories
2026-05-31T21:02:47+08:00 [I] ::1 GET /api/platform/users/admin00000000000000000000000001/categories
2026-05-31T21:02:59+08:00 [I] ::1 POST /api/platform/category-items
2026-05-31T21:02:59+08:00 [I] ::1 GET /api/platform/categories/bda2e50d2e9e415eb6deb8b24d079928
2026-05-31T21:03:18+08:00 [I] ::1 POST /api/platform/category-items
2026-05-31T21:03:18+08:00 [I] ::1 GET /api/platform/categories/bda2e50d2e9e415eb6deb8b24d079928
2026-05-31T21:03:24+08:00 [I] ::1 GET /api/platform/categories/bda2e50d2e9e415eb6deb8b24d079928
2026-05-31T21:03:26+08:00 [I] ::1 GET /api/platform/categories/bda2e50d2e9e415eb6deb8b24d079928
2026-05-31T21:03:26+08:00 [I] ::1 GET /api/platform/categories/c4fbeb0cdc614bd19e728f5e84e7cbaa
2026-05-31T21:03:28+08:00 [I] ::1 GET /api/platform/categories/bda2e50d2e9e415eb6deb8b24d079928
2026-05-31T21:03:30+08:00 [I] ::1 POST /api/platform/share-links
2026-05-31T21:03:30+08:00 [I] ::1 GET /api/platform/categories/bda2e50d2e9e415eb6deb8b24d079928
2026-05-31T21:03:35+08:00 [I] ::1 POST /api/platform/share-links
2026-05-31T21:03:35+08:00 [I] ::1 GET /api/platform/categories/bda2e50d2e9e415eb6deb8b24d079928
2026-05-31T21:03:46+08:00 [I] ::1 GET /share/715ac6b20f
2026-05-31T21:03:56+08:00 [I] ::1 POST /api/platform/share-links
2026-05-31T21:03:56+08:00 [I] ::1 GET /api/platform/category-items/d3b85c0c5b6842729dc97c9611488d74
2026-05-31T21:04:02+08:00 [I] ::1 GET /share/338ef3e341
2026-05-31T21:04:11+08:00 [I] ::1 GET /api/platform/category-items/d3b85c0c5b6842729dc97c9611488d74
2026-05-31T21:04:20+08:00 [I] ::1 POST /api/platform/categories/bda2e50d2e9e415eb6deb8b24d079928/resources
2026-05-31T21:04:21+08:00 [I] ::1 GET /api/platform/categories/bda2e50d2e9e415eb6deb8b24d079928
2026-05-31T21:04:21+08:00 [I] ::1 GET /api/platform/category-items/d3b85c0c5b6842729dc97c9611488d74
2026-05-31T21:04:22+08:00 [I] ::1 GET /api/platform/users/admin00000000000000000000000001/categories
2026-05-31T21:04:34+08:00 [I] ::1 GET /api/platform/users/admin00000000000000000000000001/categories
2026-05-31T21:04:34+08:00 [I] ::1 GET /api/platform/users/admin00000000000000000000000001/categories
2026-05-31T21:04:36+08:00 [I] ::1 GET /api/platform/categories/bda2e50d2e9e415eb6deb8b24d079928
2026-05-31T21:04:44+08:00 [I] ::1 POST /api/platform/categories/bda2e50d2e9e415eb6deb8b24d079928/resources
2026-05-31T21:04:44+08:00 [I] ::1 GET /api/platform/categories/bda2e50d2e9e415eb6deb8b24d079928
2026-05-31T21:04:44+08:00 [I] ::1 GET /api/platform/category-items/aeda4f4b094b49efa27a1affe2e9e511
2026-05-31T21:04:45+08:00 [I] ::1 GET /api/platform/users/admin00000000000000000000000001/categories
2026-05-31T21:04:47+08:00 [I] ::1 GET /api/platform/category-items/d3b85c0c5b6842729dc97c9611488d74
2026-05-31T21:04:50+08:00 [I] ::1 GET /share/338ef3e341
2026-05-31T21:04:50+08:00 [I] ::1 GET /uploads/categories/2026/05/d3b85c0c5b6842729dc97c9611488d74_83ca5e7b.png
2026-05-31T21:04:54+08:00 [I] ::1 POST /api/platform/share-links
2026-05-31T21:04:54+08:00 [I] ::1 GET /api/platform/categories/bda2e50d2e9e415eb6deb8b24d079928
2026-05-31T21:05:00+08:00 [I] ::1 GET /share/ba1c30e003
2026-05-31T21:10:10+08:00 [I] ::1 GET /api/platform/users/admin00000000000000000000000001/categories
2026-05-31T21:10:10+08:00 [I] ::1 GET /api/platform/users/admin00000000000000000000000001/categories
2026-05-31T21:10:10+08:00 [I] ::1 GET /api/platform/users/admin00000000000000000000000001/categories
2026-05-31T21:10:10+08:00 [I] ::1 GET /api/platform/users/admin00000000000000000000000001/categories
2026-05-31T21:13:35+08:00 [I] ::1 GET /api/platform/users/admin00000000000000000000000001/categories
2026-05-31T21:33:35+08:00 [I] ::1 GET /api/platform/users/admin00000000000000000000000001/categories
2026-05-31T21:33:35+08:00 [I] ::1 GET /api/platform/users/admin00000000000000000000000001/categories
2026-05-31T22:20:24+08:00 [I] ::1 GET /api/platform/users/admin00000000000000000000000001/categories
2026-05-31T22:20:25+08:00 [I] ::1 GET /api/platform/users/admin00000000000000000000000001/categories
2026-05-31T22:20:29+08:00 [I] ::1 GET /api/platform/users/admin00000000000000000000000001/categories
2026-05-31T22:20:29+08:00 [I] ::1 GET /api/platform/users/admin00000000000000000000000001/categories
2026-05-31T22:20:40+08:00 [I] 服务启动
2026-05-31T22:20:42+08:00 [I] ::1 GET /api/platform/users/admin00000000000000000000000001/categories
2026-05-31T22:20:42+08:00 [I] ::1 GET /api/platform/users/admin00000000000000000000000001/categories
2026-05-31T22:20:43+08:00 [I] ::1 GET /api/platform/categories/bda2e50d2e9e415eb6deb8b24d079928
2026-05-31T22:21:04+08:00 [I] ::1 GET /api/platform/category-items/d3b85c0c5b6842729dc97c9611488d74
2026-05-31T22:25:43+08:00 [I] ::1 GET /api/platform/users/admin00000000000000000000000001/categories
2026-05-31T22:25:43+08:00 [I] ::1 GET /api/platform/users/admin00000000000000000000000001/categories
2026-05-31T22:28:47+08:00 [I] ::1 GET /api/platform/users/admin00000000000000000000000001/categories
2026-05-31T22:28:47+08:00 [I] ::1 GET /api/platform/users/admin00000000000000000000000001/categories
2026-05-31T22:28:48+08:00 [I] ::1 GET /api/platform/categories/bda2e50d2e9e415eb6deb8b24d079928
2026-05-31T22:28:50+08:00 [I] ::1 GET /api/platform/category-items/d3b85c0c5b6842729dc97c9611488d74
2026-05-31T22:28:50+08:00 [I] ::1 GET /uploads/categories/2026/05/d3b85c0c5b6842729dc97c9611488d74_83ca5e7b.png
2026-05-31T22:28:53+08:00 [I] ::1 GET /api/platform/category-items/aeda4f4b094b49efa27a1affe2e9e511
2026-05-31T22:28:54+08:00 [I] ::1 GET /uploads/categories/2026/05/aeda4f4b094b49efa27a1affe2e9e511_fc31ed14.png
2026-05-31T22:29:08+08:00 [I] ::1 GET /api/platform/categories/c4fbeb0cdc614bd19e728f5e84e7cbaa
2026-05-31T22:42:17+08:00 [I] ::1 GET /api/platform/users/admin00000000000000000000000001/categories
2026-05-31T22:46:13+08:00 [I] 服务启动
2026-05-31T22:46:19+08:00 [I] ::1 GET /api/platform/users/admin00000000000000000000000001/categories
2026-05-31T22:46:19+08:00 [I] ::1 GET /api/platform/users/admin00000000000000000000000001/categories
2026-05-31T22:46:21+08:00 [I] ::1 GET /api/platform/users/admin00000000000000000000000001/categories
2026-05-31T22:46:22+08:00 [I] ::1 GET /api/platform/users/admin00000000000000000000000001/categories
2026-05-31T22:46:22+08:00 [I] ::1 GET /api/platform/users/admin00000000000000000000000001/categories
2026-05-31T22:46:24+08:00 [I] ::1 GET /api/platform/categories/bda2e50d2e9e415eb6deb8b24d079928
2026-05-31T22:46:25+08:00 [I] ::1 GET /api/platform/category-items/d3b85c0c5b6842729dc97c9611488d74
2026-05-31T22:46:26+08:00 [I] ::1 GET /uploads/categories/2026/05/d3b85c0c5b6842729dc97c9611488d74_83ca5e7b.png
2026-05-31T22:46:53+08:00 [I] ::1 POST /api/platform/categories/bda2e50d2e9e415eb6deb8b24d079928/resources
2026-05-31T22:46:53+08:00 [I] ::1 GET /api/platform/categories/bda2e50d2e9e415eb6deb8b24d079928
2026-05-31T22:46:57+08:00 [I] ::1 GET /api/platform/category-items/aeda4f4b094b49efa27a1affe2e9e511
2026-05-31T22:46:57+08:00 [I] ::1 GET /uploads/categories/2026/05/aeda4f4b094b49efa27a1affe2e9e511_fc31ed14.png
2026-05-31T22:53:16+08:00 [I] ::1 GET /api/platform/users/admin00000000000000000000000001/categories
2026-05-31T22:53:16+08:00 [I] ::1 GET /api/platform/users/admin00000000000000000000000001/categories
2026-05-31T22:53:16+08:00 [I] ::1 GET /api/platform/users/admin00000000000000000000000001/categories
2026-05-31T22:55:04+08:00 [I] ::1 GET /share/ba1c30e003
2026-05-31T22:55:04+08:00 [I] ::1 GET /
2026-05-31T22:55:06+08:00 [I] ::1 GET /api/platform/users/admin00000000000000000000000001/categories
2026-05-31T22:55:06+08:00 [I] ::1 GET /api/platform/users/admin00000000000000000000000001/categories
